Start on cuda:0!
8 examples in training set and 2 examples in validation set
epoch: 0, epoch_time: 36s, train_loss: 0.028, best_loss: 0.028, lr: 2.00e-04, train_mIoU: 0.441, best_train_mIoU: 0.441, valid_mIoU: 0.473, best_valid_mIoU: 0.473
epoch: 1, epoch_time: 33s, train_loss: 0.024, best_loss: 0.024, lr: 1.95e-04, train_mIoU: 0.425, best_train_mIoU: 0.441, valid_mIoU: 0.473, best_valid_mIoU: 0.473
epoch: 2, epoch_time: 33s, train_loss: 0.019, best_loss: 0.019, lr: 1.81e-04, train_mIoU: 0.427, best_train_mIoU: 0.441, valid_mIoU: 0.473, best_valid_mIoU: 0.473
epoch: 3, epoch_time: 34s, train_loss: 0.018, best_loss: 0.018, lr: 1.59e-04, train_mIoU: 0.428, best_train_mIoU: 0.441, valid_mIoU: 0.473, best_valid_mIoU: 0.473
epoch: 4, epoch_time: 34s, train_loss: 0.018, best_loss: 0.018, lr: 1.32e-04, train_mIoU: 0.423, best_train_mIoU: 0.441, valid_mIoU: 0.473, best_valid_mIoU: 0.473
epoch: 5, epoch_time: 33s, train_loss: 0.017, best_loss: 0.017, lr: 1.01e-04, train_mIoU: 0.431, best_train_mIoU: 0.441, valid_mIoU: 0.473, best_valid_mIoU: 0.473
epoch: 6, epoch_time: 33s, train_loss: 0.018, best_loss: 0.017, lr: 7.04e-05, train_mIoU: 0.430, best_train_mIoU: 0.441, valid_mIoU: 0.473, best_valid_mIoU: 0.473
epoch: 7, epoch_time: 34s, train_loss: 0.017, best_loss: 0.017, lr: 4.28e-05, train_mIoU: 0.433, best_train_mIoU: 0.441, valid_mIoU: 0.473, best_valid_mIoU: 0.473
epoch: 8, epoch_time: 34s, train_loss: 0.018, best_loss: 0.017, lr: 2.09e-05, train_mIoU: 0.424, best_train_mIoU: 0.441, valid_mIoU: 0.473, best_valid_mIoU: 0.473
epoch: 9, epoch_time: 35s, train_loss: 0.017, best_loss: 0.017, lr: 6.85e-06, train_mIoU: 0.421, best_train_mIoU: 0.441, valid_mIoU: 0.473, best_valid_mIoU: 0.473
epoch: 10, epoch_time: 34s, train_loss: 0.022, best_loss: 0.017, lr: 2.00e-04, train_mIoU: 0.423, best_train_mIoU: 0.441, valid_mIoU: 0.473, best_valid_mIoU: 0.473
epoch: 11, epoch_time: 34s, train_loss: 0.020, best_loss: 0.017, lr: 1.99e-04, train_mIoU: 0.430, best_train_mIoU: 0.441, valid_mIoU: 0.473, best_valid_mIoU: 0.473
epoch: 12, epoch_time: 34s, train_loss: 0.017, best_loss: 0.017, lr: 1.95e-04, train_mIoU: 0.438, best_train_mIoU: 0.441, valid_mIoU: 0.473, best_valid_mIoU: 0.473
epoch: 13, epoch_time: 34s, train_loss: 0.019, best_loss: 0.017, lr: 1.89e-04, train_mIoU: 0.434, best_train_mIoU: 0.441, valid_mIoU: 0.473, best_valid_mIoU: 0.473
epoch: 14, epoch_time: 35s, train_loss: 0.019, best_loss: 0.017, lr: 1.81e-04, train_mIoU: 0.425, best_train_mIoU: 0.441, valid_mIoU: 0.473, best_valid_mIoU: 0.473
epoch: 15, epoch_time: 35s, train_loss: 0.018, best_loss: 0.017, lr: 1.71e-04, train_mIoU: 0.423, best_train_mIoU: 0.441, valid_mIoU: 0.473, best_valid_mIoU: 0.473
epoch: 16, epoch_time: 34s, train_loss: 0.019, best_loss: 0.017, lr: 1.59e-04, train_mIoU: 0.427, best_train_mIoU: 0.441, valid_mIoU: 0.473, best_valid_mIoU: 0.473
epoch: 17, epoch_time: 33s, train_loss: 0.018, best_loss: 0.017, lr: 1.46e-04, train_mIoU: 0.421, best_train_mIoU: 0.441, valid_mIoU: 0.476, best_valid_mIoU: 0.476
epoch: 18, epoch_time: 34s, train_loss: 0.017, best_loss: 0.017, lr: 1.32e-04, train_mIoU: 0.636, best_train_mIoU: 0.636, valid_mIoU: 0.644, best_valid_mIoU: 0.644
epoch: 19, epoch_time: 34s, train_loss: 0.015, best_loss: 0.015, lr: 1.16e-04, train_mIoU: 0.698, best_train_mIoU: 0.698, valid_mIoU: 0.659, best_valid_mIoU: 0.659
epoch: 20, epoch_time: 34s, train_loss: 0.017, best_loss: 0.015, lr: 1.01e-04, train_mIoU: 0.765, best_train_mIoU: 0.765, valid_mIoU: 0.668, best_valid_mIoU: 0.668
epoch: 21, epoch_time: 34s, train_loss: 0.016, best_loss: 0.015, lr: 8.55e-05, train_mIoU: 0.774, best_train_mIoU: 0.774, valid_mIoU: 0.667, best_valid_mIoU: 0.668
epoch: 22, epoch_time: 34s, train_loss: 0.016, best_loss: 0.015, lr: 7.04e-05, train_mIoU: 0.665, best_train_mIoU: 0.774, valid_mIoU: 0.670, best_valid_mIoU: 0.670
epoch: 23, epoch_time: 34s, train_loss: 0.016, best_loss: 0.015, lr: 5.61e-05, train_mIoU: 0.812, best_train_mIoU: 0.812, valid_mIoU: 0.670, best_valid_mIoU: 0.670
epoch: 24, epoch_time: 34s, train_loss: 0.016, best_loss: 0.015, lr: 4.28e-05, train_mIoU: 0.771, best_train_mIoU: 0.812, valid_mIoU: 0.671, best_valid_mIoU: 0.671
epoch: 25, epoch_time: 34s, train_loss: 0.016, best_loss: 0.015, lr: 3.10e-05, train_mIoU: 0.769, best_train_mIoU: 0.812, valid_mIoU: 0.671, best_valid_mIoU: 0.671
epoch: 26, epoch_time: 34s, train_loss: 0.014, best_loss: 0.014, lr: 2.09e-05, train_mIoU: 0.815, best_train_mIoU: 0.815, valid_mIoU: 0.672, best_valid_mIoU: 0.672
epoch: 27, epoch_time: 34s, train_loss: 0.016, best_loss: 0.014, lr: 1.28e-05, train_mIoU: 0.757, best_train_mIoU: 0.815, valid_mIoU: 0.672, best_valid_mIoU: 0.672
epoch: 28, epoch_time: 36s, train_loss: 0.016, best_loss: 0.014, lr: 6.85e-06, train_mIoU: 0.767, best_train_mIoU: 0.815, valid_mIoU: 0.672, best_valid_mIoU: 0.672
epoch: 29, epoch_time: 35s, train_loss: 0.015, best_loss: 0.014, lr: 3.22e-06, train_mIoU: 0.792, best_train_mIoU: 0.815, valid_mIoU: 0.672, best_valid_mIoU: 0.672
epoch: 30, epoch_time: 36s, train_loss: 0.016, best_loss: 0.014, lr: 2.00e-04, train_mIoU: 0.761, best_train_mIoU: 0.815, valid_mIoU: 0.673, best_valid_mIoU: 0.673
epoch: 31, epoch_time: 34s, train_loss: 0.016, best_loss: 0.014, lr: 2.00e-04, train_mIoU: 0.746, best_train_mIoU: 0.815, valid_mIoU: 0.678, best_valid_mIoU: 0.678
epoch: 32, epoch_time: 35s, train_loss: 0.015, best_loss: 0.014, lr: 1.99e-04, train_mIoU: 0.777, best_train_mIoU: 0.815, valid_mIoU: 0.662, best_valid_mIoU: 0.678
epoch: 33, epoch_time: 34s, train_loss: 0.016, best_loss: 0.014, lr: 1.97e-04, train_mIoU: 0.749, best_train_mIoU: 0.815, valid_mIoU: 0.667, best_valid_mIoU: 0.678
epoch: 34, epoch_time: 34s, train_loss: 0.017, best_loss: 0.014, lr: 1.95e-04, train_mIoU: 0.712, best_train_mIoU: 0.815, valid_mIoU: 0.661, best_valid_mIoU: 0.678
epoch: 35, epoch_time: 35s, train_loss: 0.015, best_loss: 0.014, lr: 1.92e-04, train_mIoU: 0.775, best_train_mIoU: 0.815, valid_mIoU: 0.674, best_valid_mIoU: 0.678
epoch: 36, epoch_time: 35s, train_loss: 0.014, best_loss: 0.014, lr: 1.89e-04, train_mIoU: 0.800, best_train_mIoU: 0.815, valid_mIoU: 0.674, best_valid_mIoU: 0.678
epoch: 37, epoch_time: 36s, train_loss: 0.014, best_loss: 0.014, lr: 1.85e-04, train_mIoU: 0.787, best_train_mIoU: 0.815, valid_mIoU: 0.673, best_valid_mIoU: 0.678
epoch: 38, epoch_time: 35s, train_loss: 0.018, best_loss: 0.014, lr: 1.81e-04, train_mIoU: 0.648, best_train_mIoU: 0.815, valid_mIoU: 0.658, best_valid_mIoU: 0.678
epoch: 39, epoch_time: 34s, train_loss: 0.016, best_loss: 0.014, lr: 1.76e-04, train_mIoU: 0.768, best_train_mIoU: 0.815, valid_mIoU: 0.657, best_valid_mIoU: 0.678
epoch: 40, epoch_time: 35s, train_loss: 0.015, best_loss: 0.014, lr: 1.71e-04, train_mIoU: 0.751, best_train_mIoU: 0.815, valid_mIoU: 0.668, best_valid_mIoU: 0.678
epoch: 41, epoch_time: 35s, train_loss: 0.014, best_loss: 0.014, lr: 1.65e-04, train_mIoU: 0.767, best_train_mIoU: 0.815, valid_mIoU: 0.671, best_valid_mIoU: 0.678
epoch: 42, epoch_time: 34s, train_loss: 0.014, best_loss: 0.014, lr: 1.59e-04, train_mIoU: 0.789, best_train_mIoU: 0.815, valid_mIoU: 0.674, best_valid_mIoU: 0.678
epoch: 43, epoch_time: 34s, train_loss: 0.013, best_loss: 0.013, lr: 1.53e-04, train_mIoU: 0.775, best_train_mIoU: 0.815, valid_mIoU: 0.681, best_valid_mIoU: 0.681
epoch: 44, epoch_time: 34s, train_loss: 0.012, best_loss: 0.012, lr: 1.46e-04, train_mIoU: 0.804, best_train_mIoU: 0.815, valid_mIoU: 0.689, best_valid_mIoU: 0.689
epoch: 45, epoch_time: 35s, train_loss: 0.014, best_loss: 0.012, lr: 1.39e-04, train_mIoU: 0.745, best_train_mIoU: 0.815, valid_mIoU: 0.681, best_valid_mIoU: 0.689
epoch: 46, epoch_time: 34s, train_loss: 0.014, best_loss: 0.012, lr: 1.32e-04, train_mIoU: 0.777, best_train_mIoU: 0.815, valid_mIoU: 0.693, best_valid_mIoU: 0.693
epoch: 47, epoch_time: 34s, train_loss: 0.014, best_loss: 0.012, lr: 1.24e-04, train_mIoU: 0.739, best_train_mIoU: 0.815, valid_mIoU: 0.683, best_valid_mIoU: 0.693
epoch: 48, epoch_time: 33s, train_loss: 0.013, best_loss: 0.012, lr: 1.16e-04, train_mIoU: 0.808, best_train_mIoU: 0.815, valid_mIoU: 0.681, best_valid_mIoU: 0.693
epoch: 49, epoch_time: 34s, train_loss: 0.014, best_loss: 0.012, lr: 1.09e-04, train_mIoU: 0.763, best_train_mIoU: 0.815, valid_mIoU: 0.678, best_valid_mIoU: 0.693
epoch: 50, epoch_time: 34s, train_loss: 0.014, best_loss: 0.012, lr: 1.01e-04, train_mIoU: 0.772, best_train_mIoU: 0.815, valid_mIoU: 0.666, best_valid_mIoU: 0.693
epoch: 51, epoch_time: 34s, train_loss: 0.014, best_loss: 0.012, lr: 9.32e-05, train_mIoU: 0.785, best_train_mIoU: 0.815, valid_mIoU: 0.668, best_valid_mIoU: 0.693
epoch: 52, epoch_time: 35s, train_loss: 0.012, best_loss: 0.012, lr: 8.55e-05, train_mIoU: 0.836, best_train_mIoU: 0.836, valid_mIoU: 0.686, best_valid_mIoU: 0.693
epoch: 53, epoch_time: 34s, train_loss: 0.015, best_loss: 0.012, lr: 7.79e-05, train_mIoU: 0.731, best_train_mIoU: 0.836, valid_mIoU: 0.686, best_valid_mIoU: 0.693
epoch: 54, epoch_time: 34s, train_loss: 0.015, best_loss: 0.012, lr: 7.04e-05, train_mIoU: 0.737, best_train_mIoU: 0.836, valid_mIoU: 0.688, best_valid_mIoU: 0.693
epoch: 55, epoch_time: 34s, train_loss: 0.013, best_loss: 0.012, lr: 6.31e-05, train_mIoU: 0.789, best_train_mIoU: 0.836, valid_mIoU: 0.696, best_valid_mIoU: 0.696
epoch: 56, epoch_time: 35s, train_loss: 0.013, best_loss: 0.012, lr: 5.61e-05, train_mIoU: 0.794, best_train_mIoU: 0.836, valid_mIoU: 0.697, best_valid_mIoU: 0.697
epoch: 57, epoch_time: 33s, train_loss: 0.019, best_loss: 0.012, lr: 4.93e-05, train_mIoU: 0.645, best_train_mIoU: 0.836, valid_mIoU: 0.694, best_valid_mIoU: 0.697
epoch: 58, epoch_time: 34s, train_loss: 0.013, best_loss: 0.012, lr: 4.28e-05, train_mIoU: 0.811, best_train_mIoU: 0.836, valid_mIoU: 0.691, best_valid_mIoU: 0.697
epoch: 59, epoch_time: 34s, train_loss: 0.013, best_loss: 0.012, lr: 3.67e-05, train_mIoU: 0.805, best_train_mIoU: 0.836, valid_mIoU: 0.682, best_valid_mIoU: 0.697
epoch: 60, epoch_time: 35s, train_loss: 0.014, best_loss: 0.012, lr: 3.10e-05, train_mIoU: 0.777, best_train_mIoU: 0.836, valid_mIoU: 0.682, best_valid_mIoU: 0.697
epoch: 61, epoch_time: 36s, train_loss: 0.013, best_loss: 0.012, lr: 2.57e-05, train_mIoU: 0.793, best_train_mIoU: 0.836, valid_mIoU: 0.688, best_valid_mIoU: 0.697
epoch: 62, epoch_time: 35s, train_loss: 0.014, best_loss: 0.012, lr: 2.09e-05, train_mIoU: 0.755, best_train_mIoU: 0.836, valid_mIoU: 0.690, best_valid_mIoU: 0.697
epoch: 63, epoch_time: 35s, train_loss: 0.013, best_loss: 0.012, lr: 1.66e-05, train_mIoU: 0.814, best_train_mIoU: 0.836, valid_mIoU: 0.692, best_valid_mIoU: 0.697
epoch: 64, epoch_time: 35s, train_loss: 0.014, best_loss: 0.012, lr: 1.28e-05, train_mIoU: 0.763, best_train_mIoU: 0.836, valid_mIoU: 0.693, best_valid_mIoU: 0.697
epoch: 65, epoch_time: 34s, train_loss: 0.012, best_loss: 0.012, lr: 9.54e-06, train_mIoU: 0.815, best_train_mIoU: 0.836, valid_mIoU: 0.694, best_valid_mIoU: 0.697
epoch: 66, epoch_time: 35s, train_loss: 0.013, best_loss: 0.012, lr: 6.85e-06, train_mIoU: 0.795, best_train_mIoU: 0.836, valid_mIoU: 0.694, best_valid_mIoU: 0.697
epoch: 67, epoch_time: 35s, train_loss: 0.014, best_loss: 0.012, lr: 4.74e-06, train_mIoU: 0.747, best_train_mIoU: 0.836, valid_mIoU: 0.694, best_valid_mIoU: 0.697
epoch: 68, epoch_time: 35s, train_loss: 0.014, best_loss: 0.012, lr: 3.22e-06, train_mIoU: 0.777, best_train_mIoU: 0.836, valid_mIoU: 0.693, best_valid_mIoU: 0.697
epoch: 69, epoch_time: 35s, train_loss: 0.012, best_loss: 0.012, lr: 2.31e-06, train_mIoU: 0.805, best_train_mIoU: 0.836, valid_mIoU: 0.693, best_valid_mIoU: 0.697
epoch: 70, epoch_time: 34s, train_loss: 0.013, best_loss: 0.012, lr: 2.00e-04, train_mIoU: 0.802, best_train_mIoU: 0.836, valid_mIoU: 0.683, best_valid_mIoU: 0.697
epoch: 71, epoch_time: 34s, train_loss: 0.013, best_loss: 0.012, lr: 2.00e-04, train_mIoU: 0.774, best_train_mIoU: 0.836, valid_mIoU: 0.666, best_valid_mIoU: 0.697
epoch: 72, epoch_time: 34s, train_loss: 0.013, best_loss: 0.012, lr: 2.00e-04, train_mIoU: 0.773, best_train_mIoU: 0.836, valid_mIoU: 0.676, best_valid_mIoU: 0.697
epoch: 73, epoch_time: 35s, train_loss: 0.013, best_loss: 0.012, lr: 1.99e-04, train_mIoU: 0.795, best_train_mIoU: 0.836, valid_mIoU: 0.648, best_valid_mIoU: 0.697
epoch: 74, epoch_time: 34s, train_loss: 0.014, best_loss: 0.012, lr: 1.99e-04, train_mIoU: 0.775, best_train_mIoU: 0.836, valid_mIoU: 0.670, best_valid_mIoU: 0.697
epoch: 75, epoch_time: 34s, train_loss: 0.014, best_loss: 0.012, lr: 1.98e-04, train_mIoU: 0.736, best_train_mIoU: 0.836, valid_mIoU: 0.670, best_valid_mIoU: 0.697
epoch: 76, epoch_time: 38s, train_loss: 0.014, best_loss: 0.012, lr: 1.97e-04, train_mIoU: 0.740, best_train_mIoU: 0.836, valid_mIoU: 0.704, best_valid_mIoU: 0.704
epoch: 77, epoch_time: 35s, train_loss: 0.014, best_loss: 0.012, lr: 1.96e-04, train_mIoU: 0.787, best_train_mIoU: 0.836, valid_mIoU: 0.671, best_valid_mIoU: 0.704
epoch: 78, epoch_time: 35s, train_loss: 0.012, best_loss: 0.012, lr: 1.95e-04, train_mIoU: 0.828, best_train_mIoU: 0.836, valid_mIoU: 0.698, best_valid_mIoU: 0.704
epoch: 79, epoch_time: 35s, train_loss: 0.014, best_loss: 0.012, lr: 1.94e-04, train_mIoU: 0.778, best_train_mIoU: 0.836, valid_mIoU: 0.697, best_valid_mIoU: 0.704
epoch: 80, epoch_time: 34s, train_loss: 0.013, best_loss: 0.012, lr: 1.92e-04, train_mIoU: 0.776, best_train_mIoU: 0.836, valid_mIoU: 0.699, best_valid_mIoU: 0.704
epoch: 81, epoch_time: 35s, train_loss: 0.013, best_loss: 0.012, lr: 1.91e-04, train_mIoU: 0.805, best_train_mIoU: 0.836, valid_mIoU: 0.701, best_valid_mIoU: 0.704
epoch: 82, epoch_time: 34s, train_loss: 0.012, best_loss: 0.012, lr: 1.89e-04, train_mIoU: 0.802, best_train_mIoU: 0.836, valid_mIoU: 0.679, best_valid_mIoU: 0.704
epoch: 83, epoch_time: 35s, train_loss: 0.012, best_loss: 0.012, lr: 1.87e-04, train_mIoU: 0.793, best_train_mIoU: 0.836, valid_mIoU: 0.691, best_valid_mIoU: 0.704
epoch: 84, epoch_time: 36s, train_loss: 0.013, best_loss: 0.012, lr: 1.85e-04, train_mIoU: 0.790, best_train_mIoU: 0.836, valid_mIoU: 0.694, best_valid_mIoU: 0.704
epoch: 85, epoch_time: 34s, train_loss: 0.012, best_loss: 0.012, lr: 1.83e-04, train_mIoU: 0.830, best_train_mIoU: 0.836, valid_mIoU: 0.678, best_valid_mIoU: 0.704
epoch: 86, epoch_time: 34s, train_loss: 0.013, best_loss: 0.012, lr: 1.81e-04, train_mIoU: 0.803, best_train_mIoU: 0.836, valid_mIoU: 0.688, best_valid_mIoU: 0.704
epoch: 87, epoch_time: 39s, train_loss: 0.014, best_loss: 0.012, lr: 1.79e-04, train_mIoU: 0.751, best_train_mIoU: 0.836, valid_mIoU: 0.705, best_valid_mIoU: 0.705
epoch: 88, epoch_time: 36s, train_loss: 0.013, best_loss: 0.012, lr: 1.76e-04, train_mIoU: 0.785, best_train_mIoU: 0.836, valid_mIoU: 0.684, best_valid_mIoU: 0.705
epoch: 89, epoch_time: 34s, train_loss: 0.013, best_loss: 0.012, lr: 1.74e-04, train_mIoU: 0.809, best_train_mIoU: 0.836, valid_mIoU: 0.689, best_valid_mIoU: 0.705
epoch: 90, epoch_time: 35s, train_loss: 0.015, best_loss: 0.012, lr: 1.71e-04, train_mIoU: 0.773, best_train_mIoU: 0.836, valid_mIoU: 0.649, best_valid_mIoU: 0.705
epoch: 91, epoch_time: 34s, train_loss: 0.014, best_loss: 0.012, lr: 1.68e-04, train_mIoU: 0.778, best_train_mIoU: 0.836, valid_mIoU: 0.656, best_valid_mIoU: 0.705
epoch: 92, epoch_time: 33s, train_loss: 0.013, best_loss: 0.012, lr: 1.65e-04, train_mIoU: 0.781, best_train_mIoU: 0.836, valid_mIoU: 0.682, best_valid_mIoU: 0.705
epoch: 93, epoch_time: 34s, train_loss: 0.012, best_loss: 0.012, lr: 1.62e-04, train_mIoU: 0.810, best_train_mIoU: 0.836, valid_mIoU: 0.682, best_valid_mIoU: 0.705
epoch: 94, epoch_time: 34s, train_loss: 0.012, best_loss: 0.012, lr: 1.59e-04, train_mIoU: 0.805, best_train_mIoU: 0.836, valid_mIoU: 0.687, best_valid_mIoU: 0.705
epoch: 95, epoch_time: 33s, train_loss: 0.012, best_loss: 0.012, lr: 1.56e-04, train_mIoU: 0.825, best_train_mIoU: 0.836, valid_mIoU: 0.682, best_valid_mIoU: 0.705
epoch: 96, epoch_time: 34s, train_loss: 0.012, best_loss: 0.012, lr: 1.53e-04, train_mIoU: 0.819, best_train_mIoU: 0.836, valid_mIoU: 0.679, best_valid_mIoU: 0.705
epoch: 97, epoch_time: 34s, train_loss: 0.012, best_loss: 0.012, lr: 1.49e-04, train_mIoU: 0.796, best_train_mIoU: 0.836, valid_mIoU: 0.680, best_valid_mIoU: 0.705
epoch: 98, epoch_time: 34s, train_loss: 0.012, best_loss: 0.012, lr: 1.46e-04, train_mIoU: 0.810, best_train_mIoU: 0.836, valid_mIoU: 0.681, best_valid_mIoU: 0.705
epoch: 99, epoch_time: 34s, train_loss: 0.012, best_loss: 0.012, lr: 1.42e-04, train_mIoU: 0.827, best_train_mIoU: 0.836, valid_mIoU: 0.681, best_valid_mIoU: 0.705
train_time: 57m19s, 0.23examples/sec, total_time: 57m19s, best_train_mIoU: 0.836, best_valid_mIoU: 0.705
Finish!
