Start on cuda:0!
22048 examples in training set and 9450 examples in validation set
epoch: 0, epoch_time: 37m39s, train_loss: 0.022, best_loss: 0.022, lr: 0.002, train_mIoU: 0.526, best_train_mIoU: 0.526, valid_mIoU: 0.599, best_valid_mIoU: 0.599
epoch: 1, epoch_time: 37m22s, train_loss: 0.021, best_loss: 0.021, lr: 0.002, train_mIoU: 0.563, best_train_mIoU: 0.563, valid_mIoU: 0.586, best_valid_mIoU: 0.599
epoch: 2, epoch_time: 36m51s, train_loss: 0.021, best_loss: 0.021, lr: 0.002, train_mIoU: 0.570, best_train_mIoU: 0.570, valid_mIoU: 0.570, best_valid_mIoU: 0.599
epoch: 3, epoch_time: 37m12s, train_loss: 0.020, best_loss: 0.020, lr: 0.002, train_mIoU: 0.578, best_train_mIoU: 0.578, valid_mIoU: 0.578, best_valid_mIoU: 0.599
epoch: 4, epoch_time: 37m25s, train_loss: 0.020, best_loss: 0.020, lr: 0.002, train_mIoU: 0.583, best_train_mIoU: 0.583, valid_mIoU: 0.584, best_valid_mIoU: 0.599
epoch: 5, epoch_time: 37m23s, train_loss: 0.020, best_loss: 0.020, lr: 0.002, train_mIoU: 0.594, best_train_mIoU: 0.594, valid_mIoU: 0.593, best_valid_mIoU: 0.599
epoch: 6, epoch_time: 37m26s, train_loss: 0.019, best_loss: 0.019, lr: 0.002, train_mIoU: 0.608, best_train_mIoU: 0.608, valid_mIoU: 0.582, best_valid_mIoU: 0.599
epoch: 7, epoch_time: 37m29s, train_loss: 0.019, best_loss: 0.019, lr: 0.002, train_mIoU: 0.614, best_train_mIoU: 0.614, valid_mIoU: 0.600, best_valid_mIoU: 0.600
epoch: 8, epoch_time: 37m23s, train_loss: 0.018, best_loss: 0.018, lr: 0.002, train_mIoU: 0.627, best_train_mIoU: 0.627, valid_mIoU: 0.606, best_valid_mIoU: 0.606
epoch: 9, epoch_time: 37m5s, train_loss: 0.018, best_loss: 0.018, lr: 0.002, train_mIoU: 0.629, best_train_mIoU: 0.629, valid_mIoU: 0.628, best_valid_mIoU: 0.628
epoch: 10, epoch_time: 36m55s, train_loss: 0.018, best_loss: 0.018, lr: 0.002, train_mIoU: 0.634, best_train_mIoU: 0.634, valid_mIoU: 0.617, best_valid_mIoU: 0.628
epoch: 11, epoch_time: 37m6s, train_loss: 0.018, best_loss: 0.018, lr: 0.002, train_mIoU: 0.636, best_train_mIoU: 0.636, valid_mIoU: 0.610, best_valid_mIoU: 0.628
epoch: 12, epoch_time: 36m51s, train_loss: 0.018, best_loss: 0.018, lr: 0.002, train_mIoU: 0.638, best_train_mIoU: 0.638, valid_mIoU: 0.629, best_valid_mIoU: 0.629
epoch: 13, epoch_time: 37m6s, train_loss: 0.018, best_loss: 0.018, lr: 0.002, train_mIoU: 0.639, best_train_mIoU: 0.639, valid_mIoU: 0.597, best_valid_mIoU: 0.629
epoch: 14, epoch_time: 36m57s, train_loss: 0.018, best_loss: 0.018, lr: 0.002, train_mIoU: 0.641, best_train_mIoU: 0.641, valid_mIoU: 0.607, best_valid_mIoU: 0.629
epoch: 15, epoch_time: 36m47s, train_loss: 0.018, best_loss: 0.018, lr: 0.002, train_mIoU: 0.643, best_train_mIoU: 0.643, valid_mIoU: 0.618, best_valid_mIoU: 0.629
epoch: 16, epoch_time: 37m20s, train_loss: 0.018, best_loss: 0.018, lr: 0.002, train_mIoU: 0.641, best_train_mIoU: 0.643, valid_mIoU: 0.598, best_valid_mIoU: 0.629
epoch: 17, epoch_time: 36m58s, train_loss: 0.018, best_loss: 0.018, lr: 0.002, train_mIoU: 0.642, best_train_mIoU: 0.643, valid_mIoU: 0.618, best_valid_mIoU: 0.629
epoch: 18, epoch_time: 37m36s, train_loss: 0.018, best_loss: 0.018, lr: 0.002, train_mIoU: 0.644, best_train_mIoU: 0.644, valid_mIoU: 0.612, best_valid_mIoU: 0.629
epoch: 19, epoch_time: 37m36s, train_loss: 0.018, best_loss: 0.018, lr: 0.002, train_mIoU: 0.645, best_train_mIoU: 0.645, valid_mIoU: 0.630, best_valid_mIoU: 0.630
epoch: 20, epoch_time: 37m17s, train_loss: 0.018, best_loss: 0.018, lr: 0.002, train_mIoU: 0.641, best_train_mIoU: 0.645, valid_mIoU: 0.612, best_valid_mIoU: 0.630
epoch: 21, epoch_time: 37m23s, train_loss: 0.018, best_loss: 0.018, lr: 0.002, train_mIoU: 0.639, best_train_mIoU: 0.645, valid_mIoU: 0.628, best_valid_mIoU: 0.630
epoch: 22, epoch_time: 37m27s, train_loss: 0.018, best_loss: 0.018, lr: 0.002, train_mIoU: 0.644, best_train_mIoU: 0.645, valid_mIoU: 0.591, best_valid_mIoU: 0.630
epoch: 23, epoch_time: 37m24s, train_loss: 0.018, best_loss: 0.018, lr: 0.002, train_mIoU: 0.650, best_train_mIoU: 0.650, valid_mIoU: 0.631, best_valid_mIoU: 0.631
epoch: 24, epoch_time: 37m30s, train_loss: 0.018, best_loss: 0.018, lr: 0.002, train_mIoU: 0.648, best_train_mIoU: 0.650, valid_mIoU: 0.630, best_valid_mIoU: 0.631
epoch: 25, epoch_time: 37m32s, train_loss: 0.018, best_loss: 0.018, lr: 0.002, train_mIoU: 0.640, best_train_mIoU: 0.650, valid_mIoU: 0.632, best_valid_mIoU: 0.632
epoch: 26, epoch_time: 37m24s, train_loss: 0.018, best_loss: 0.018, lr: 0.002, train_mIoU: 0.648, best_train_mIoU: 0.650, valid_mIoU: 0.564, best_valid_mIoU: 0.632
epoch: 27, epoch_time: 37m23s, train_loss: 0.018, best_loss: 0.018, lr: 0.002, train_mIoU: 0.644, best_train_mIoU: 0.650, valid_mIoU: 0.544, best_valid_mIoU: 0.632
epoch: 28, epoch_time: 37m36s, train_loss: 0.018, best_loss: 0.018, lr: 0.002, train_mIoU: 0.646, best_train_mIoU: 0.650, valid_mIoU: 0.616, best_valid_mIoU: 0.632
epoch: 29, epoch_time: 37m34s, train_loss: 0.018, best_loss: 0.018, lr: 0.002, train_mIoU: 0.647, best_train_mIoU: 0.650, valid_mIoU: 0.609, best_valid_mIoU: 0.632
epoch: 30, epoch_time: 37m35s, train_loss: 0.018, best_loss: 0.018, lr: 0.002, train_mIoU: 0.648, best_train_mIoU: 0.650, valid_mIoU: 0.640, best_valid_mIoU: 0.640
epoch: 31, epoch_time: 37m19s, train_loss: 0.018, best_loss: 0.018, lr: 0.002, train_mIoU: 0.641, best_train_mIoU: 0.650, valid_mIoU: 0.627, best_valid_mIoU: 0.640
epoch: 32, epoch_time: 37m15s, train_loss: 0.018, best_loss: 0.018, lr: 0.002, train_mIoU: 0.644, best_train_mIoU: 0.650, valid_mIoU: 0.637, best_valid_mIoU: 0.640
epoch: 33, epoch_time: 37m34s, train_loss: 0.018, best_loss: 0.018, lr: 0.002, train_mIoU: 0.644, best_train_mIoU: 0.650, valid_mIoU: 0.623, best_valid_mIoU: 0.640
epoch: 34, epoch_time: 37m30s, train_loss: 0.018, best_loss: 0.018, lr: 0.002, train_mIoU: 0.645, best_train_mIoU: 0.650, valid_mIoU: 0.638, best_valid_mIoU: 0.640
epoch: 35, epoch_time: 37m21s, train_loss: 0.018, best_loss: 0.018, lr: 0.002, train_mIoU: 0.644, best_train_mIoU: 0.650, valid_mIoU: 0.616, best_valid_mIoU: 0.640
epoch: 36, epoch_time: 37m23s, train_loss: 0.018, best_loss: 0.018, lr: 0.002, train_mIoU: 0.645, best_train_mIoU: 0.650, valid_mIoU: 0.631, best_valid_mIoU: 0.640
epoch: 37, epoch_time: 37m15s, train_loss: 0.018, best_loss: 0.018, lr: 0.002, train_mIoU: 0.643, best_train_mIoU: 0.650, valid_mIoU: 0.609, best_valid_mIoU: 0.640
epoch: 38, epoch_time: 37m10s, train_loss: 0.018, best_loss: 0.018, lr: 0.002, train_mIoU: 0.647, best_train_mIoU: 0.650, valid_mIoU: 0.626, best_valid_mIoU: 0.640
epoch: 39, epoch_time: 37m22s, train_loss: 0.018, best_loss: 0.018, lr: 0.002, train_mIoU: 0.645, best_train_mIoU: 0.650, valid_mIoU: 0.636, best_valid_mIoU: 0.640
epoch: 40, epoch_time: 37m30s, train_loss: 0.018, best_loss: 0.018, lr: 0.002, train_mIoU: 0.647, best_train_mIoU: 0.650, valid_mIoU: 0.610, best_valid_mIoU: 0.640
epoch: 41, epoch_time: 37m15s, train_loss: 0.018, best_loss: 0.018, lr: 0.002, train_mIoU: 0.644, best_train_mIoU: 0.650, valid_mIoU: 0.600, best_valid_mIoU: 0.640
epoch: 42, epoch_time: 37m15s, train_loss: 0.018, best_loss: 0.018, lr: 0.002, train_mIoU: 0.645, best_train_mIoU: 0.650, valid_mIoU: 0.602, best_valid_mIoU: 0.640
epoch: 43, epoch_time: 37m28s, train_loss: 0.018, best_loss: 0.018, lr: 0.002, train_mIoU: 0.642, best_train_mIoU: 0.650, valid_mIoU: 0.633, best_valid_mIoU: 0.640
epoch: 44, epoch_time: 37m15s, train_loss: 0.018, best_loss: 0.018, lr: 0.002, train_mIoU: 0.645, best_train_mIoU: 0.650, valid_mIoU: 0.627, best_valid_mIoU: 0.640
epoch: 45, epoch_time: 37m13s, train_loss: 0.018, best_loss: 0.018, lr: 0.002, train_mIoU: 0.646, best_train_mIoU: 0.650, valid_mIoU: 0.635, best_valid_mIoU: 0.640
epoch: 46, epoch_time: 37m17s, train_loss: 0.018, best_loss: 0.018, lr: 0.002, train_mIoU: 0.641, best_train_mIoU: 0.650, valid_mIoU: 0.631, best_valid_mIoU: 0.640
epoch: 47, epoch_time: 37m13s, train_loss: 0.018, best_loss: 0.018, lr: 0.002, train_mIoU: 0.650, best_train_mIoU: 0.650, valid_mIoU: 0.624, best_valid_mIoU: 0.640
epoch: 48, epoch_time: 37m10s, train_loss: 0.018, best_loss: 0.018, lr: 0.002, train_mIoU: 0.646, best_train_mIoU: 0.650, valid_mIoU: 0.638, best_valid_mIoU: 0.640
epoch: 49, epoch_time: 37m21s, train_loss: 0.018, best_loss: 0.018, lr: 0.002, train_mIoU: 0.645, best_train_mIoU: 0.650, valid_mIoU: 0.603, best_valid_mIoU: 0.640
epoch: 50, epoch_time: 37m25s, train_loss: 0.018, best_loss: 0.018, lr: 0.002, train_mIoU: 0.646, best_train_mIoU: 0.650, valid_mIoU: 0.612, best_valid_mIoU: 0.640
epoch: 51, epoch_time: 37m33s, train_loss: 0.018, best_loss: 0.018, lr: 0.002, train_mIoU: 0.649, best_train_mIoU: 0.650, valid_mIoU: 0.646, best_valid_mIoU: 0.646
epoch: 52, epoch_time: 37m28s, train_loss: 0.018, best_loss: 0.018, lr: 0.002, train_mIoU: 0.649, best_train_mIoU: 0.650, valid_mIoU: 0.634, best_valid_mIoU: 0.646
epoch: 53, epoch_time: 37m28s, train_loss: 0.018, best_loss: 0.018, lr: 0.002, train_mIoU: 0.645, best_train_mIoU: 0.650, valid_mIoU: 0.638, best_valid_mIoU: 0.646
epoch: 54, epoch_time: 37m22s, train_loss: 0.018, best_loss: 0.018, lr: 0.002, train_mIoU: 0.643, best_train_mIoU: 0.650, valid_mIoU: 0.641, best_valid_mIoU: 0.646
epoch: 55, epoch_time: 37m20s, train_loss: 0.018, best_loss: 0.018, lr: 0.002, train_mIoU: 0.646, best_train_mIoU: 0.650, valid_mIoU: 0.630, best_valid_mIoU: 0.646
epoch: 56, epoch_time: 37m13s, train_loss: 0.018, best_loss: 0.018, lr: 0.002, train_mIoU: 0.646, best_train_mIoU: 0.650, valid_mIoU: 0.596, best_valid_mIoU: 0.646
epoch: 57, epoch_time: 37m20s, train_loss: 0.018, best_loss: 0.018, lr: 0.002, train_mIoU: 0.645, best_train_mIoU: 0.650, valid_mIoU: 0.636, best_valid_mIoU: 0.646
epoch: 58, epoch_time: 37m16s, train_loss: 0.018, best_loss: 0.018, lr: 0.002, train_mIoU: 0.641, best_train_mIoU: 0.650, valid_mIoU: 0.633, best_valid_mIoU: 0.646
epoch: 59, epoch_time: 37m16s, train_loss: 0.018, best_loss: 0.018, lr: 0.002, train_mIoU: 0.642, best_train_mIoU: 0.650, valid_mIoU: 0.644, best_valid_mIoU: 0.646
epoch: 60, epoch_time: 37m28s, train_loss: 0.018, best_loss: 0.018, lr: 0.002, train_mIoU: 0.641, best_train_mIoU: 0.650, valid_mIoU: 0.641, best_valid_mIoU: 0.646
epoch: 61, epoch_time: 37m31s, train_loss: 0.018, best_loss: 0.018, lr: 0.002, train_mIoU: 0.645, best_train_mIoU: 0.650, valid_mIoU: 0.601, best_valid_mIoU: 0.646
epoch: 62, epoch_time: 37m16s, train_loss: 0.018, best_loss: 0.018, lr: 0.002, train_mIoU: 0.644, best_train_mIoU: 0.650, valid_mIoU: 0.641, best_valid_mIoU: 0.646
epoch: 63, epoch_time: 37m14s, train_loss: 0.018, best_loss: 0.018, lr: 0.002, train_mIoU: 0.645, best_train_mIoU: 0.650, valid_mIoU: 0.643, best_valid_mIoU: 0.646
epoch: 64, epoch_time: 37m19s, train_loss: 0.018, best_loss: 0.018, lr: 0.002, train_mIoU: 0.643, best_train_mIoU: 0.650, valid_mIoU: 0.618, best_valid_mIoU: 0.646
epoch: 65, epoch_time: 37m31s, train_loss: 0.018, best_loss: 0.018, lr: 0.002, train_mIoU: 0.646, best_train_mIoU: 0.650, valid_mIoU: 0.584, best_valid_mIoU: 0.646
epoch: 66, epoch_time: 37m48s, train_loss: 0.018, best_loss: 0.018, lr: 0.002, train_mIoU: 0.645, best_train_mIoU: 0.650, valid_mIoU: 0.618, best_valid_mIoU: 0.646
epoch: 67, epoch_time: 37m41s, train_loss: 0.018, best_loss: 0.018, lr: 0.002, train_mIoU: 0.641, best_train_mIoU: 0.650, valid_mIoU: 0.582, best_valid_mIoU: 0.646
epoch: 68, epoch_time: 37m30s, train_loss: 0.018, best_loss: 0.018, lr: 0.002, train_mIoU: 0.643, best_train_mIoU: 0.650, valid_mIoU: 0.600, best_valid_mIoU: 0.646
epoch: 69, epoch_time: 37m18s, train_loss: 0.018, best_loss: 0.018, lr: 0.002, train_mIoU: 0.645, best_train_mIoU: 0.650, valid_mIoU: 0.631, best_valid_mIoU: 0.646
epoch: 70, epoch_time: 37m16s, train_loss: 0.018, best_loss: 0.018, lr: 0.002, train_mIoU: 0.645, best_train_mIoU: 0.650, valid_mIoU: 0.610, best_valid_mIoU: 0.646
epoch: 71, epoch_time: 40m29s, train_loss: 0.018, best_loss: 0.018, lr: 0.002, train_mIoU: 0.647, best_train_mIoU: 0.650, valid_mIoU: 0.606, best_valid_mIoU: 0.646
epoch: 72, epoch_time: 37m17s, train_loss: 0.018, best_loss: 0.018, lr: 0.002, train_mIoU: 0.644, best_train_mIoU: 0.650, valid_mIoU: 0.602, best_valid_mIoU: 0.646
epoch: 73, epoch_time: 37m34s, train_loss: 0.018, best_loss: 0.018, lr: 0.002, train_mIoU: 0.643, best_train_mIoU: 0.650, valid_mIoU: 0.595, best_valid_mIoU: 0.646
epoch: 74, epoch_time: 37m25s, train_loss: 0.018, best_loss: 0.018, lr: 0.002, train_mIoU: 0.647, best_train_mIoU: 0.650, valid_mIoU: 0.605, best_valid_mIoU: 0.646
epoch: 75, epoch_time: 37m17s, train_loss: 0.018, best_loss: 0.018, lr: 0.002, train_mIoU: 0.643, best_train_mIoU: 0.650, valid_mIoU: 0.625, best_valid_mIoU: 0.646
epoch: 76, epoch_time: 37m22s, train_loss: 0.018, best_loss: 0.018, lr: 0.002, train_mIoU: 0.643, best_train_mIoU: 0.650, valid_mIoU: 0.643, best_valid_mIoU: 0.646
epoch: 77, epoch_time: 37m19s, train_loss: 0.018, best_loss: 0.018, lr: 0.002, train_mIoU: 0.644, best_train_mIoU: 0.650, valid_mIoU: 0.595, best_valid_mIoU: 0.646
epoch: 78, epoch_time: 37m29s, train_loss: 0.018, best_loss: 0.018, lr: 0.002, train_mIoU: 0.648, best_train_mIoU: 0.650, valid_mIoU: 0.581, best_valid_mIoU: 0.646
epoch: 79, epoch_time: 37m18s, train_loss: 0.018, best_loss: 0.018, lr: 0.002, train_mIoU: 0.644, best_train_mIoU: 0.650, valid_mIoU: 0.608, best_valid_mIoU: 0.646
epoch: 80, epoch_time: 37m16s, train_loss: 0.018, best_loss: 0.018, lr: 0.002, train_mIoU: 0.647, best_train_mIoU: 0.650, valid_mIoU: 0.625, best_valid_mIoU: 0.646
epoch: 81, epoch_time: 37m23s, train_loss: 0.018, best_loss: 0.018, lr: 0.002, train_mIoU: 0.642, best_train_mIoU: 0.650, valid_mIoU: 0.627, best_valid_mIoU: 0.646
epoch: 82, epoch_time: 37m22s, train_loss: 0.018, best_loss: 0.018, lr: 0.002, train_mIoU: 0.643, best_train_mIoU: 0.650, valid_mIoU: 0.615, best_valid_mIoU: 0.646
epoch: 83, epoch_time: 37m16s, train_loss: 0.018, best_loss: 0.018, lr: 0.002, train_mIoU: 0.644, best_train_mIoU: 0.650, valid_mIoU: 0.634, best_valid_mIoU: 0.646
epoch: 84, epoch_time: 37m23s, train_loss: 0.018, best_loss: 0.018, lr: 0.002, train_mIoU: 0.647, best_train_mIoU: 0.650, valid_mIoU: 0.614, best_valid_mIoU: 0.646
epoch: 85, epoch_time: 37m36s, train_loss: 0.018, best_loss: 0.018, lr: 0.002, train_mIoU: 0.641, best_train_mIoU: 0.650, valid_mIoU: 0.643, best_valid_mIoU: 0.646
epoch: 86, epoch_time: 37m34s, train_loss: 0.018, best_loss: 0.018, lr: 0.002, train_mIoU: 0.645, best_train_mIoU: 0.650, valid_mIoU: 0.640, best_valid_mIoU: 0.646
epoch: 87, epoch_time: 37m42s, train_loss: 0.018, best_loss: 0.018, lr: 0.002, train_mIoU: 0.645, best_train_mIoU: 0.650, valid_mIoU: 0.614, best_valid_mIoU: 0.646
epoch: 88, epoch_time: 37m21s, train_loss: 0.018, best_loss: 0.018, lr: 0.002, train_mIoU: 0.644, best_train_mIoU: 0.650, valid_mIoU: 0.615, best_valid_mIoU: 0.646
epoch: 89, epoch_time: 37m16s, train_loss: 0.018, best_loss: 0.018, lr: 0.002, train_mIoU: 0.644, best_train_mIoU: 0.650, valid_mIoU: 0.618, best_valid_mIoU: 0.646
epoch: 90, epoch_time: 37m26s, train_loss: 0.018, best_loss: 0.018, lr: 0.002, train_mIoU: 0.643, best_train_mIoU: 0.650, valid_mIoU: 0.629, best_valid_mIoU: 0.646
epoch: 91, epoch_time: 37m26s, train_loss: 0.018, best_loss: 0.018, lr: 0.002, train_mIoU: 0.641, best_train_mIoU: 0.650, valid_mIoU: 0.637, best_valid_mIoU: 0.646
epoch: 92, epoch_time: 37m28s, train_loss: 0.018, best_loss: 0.018, lr: 0.002, train_mIoU: 0.647, best_train_mIoU: 0.650, valid_mIoU: 0.635, best_valid_mIoU: 0.646
epoch: 93, epoch_time: 37m21s, train_loss: 0.018, best_loss: 0.018, lr: 0.002, train_mIoU: 0.643, best_train_mIoU: 0.650, valid_mIoU: 0.637, best_valid_mIoU: 0.646
epoch: 94, epoch_time: 37m29s, train_loss: 0.018, best_loss: 0.018, lr: 0.002, train_mIoU: 0.645, best_train_mIoU: 0.650, valid_mIoU: 0.625, best_valid_mIoU: 0.646
epoch: 95, epoch_time: 37m22s, train_loss: 0.018, best_loss: 0.018, lr: 0.002, train_mIoU: 0.646, best_train_mIoU: 0.650, valid_mIoU: 0.631, best_valid_mIoU: 0.646
epoch: 96, epoch_time: 37m21s, train_loss: 0.018, best_loss: 0.018, lr: 0.002, train_mIoU: 0.642, best_train_mIoU: 0.650, valid_mIoU: 0.616, best_valid_mIoU: 0.646
epoch: 97, epoch_time: 37m27s, train_loss: 0.018, best_loss: 0.018, lr: 0.002, train_mIoU: 0.647, best_train_mIoU: 0.650, valid_mIoU: 0.610, best_valid_mIoU: 0.646
epoch: 98, epoch_time: 37m27s, train_loss: 0.018, best_loss: 0.018, lr: 0.002, train_mIoU: 0.646, best_train_mIoU: 0.650, valid_mIoU: 0.593, best_valid_mIoU: 0.646
epoch: 99, epoch_time: 37m31s, train_loss: 0.018, best_loss: 0.018, lr: 0.002, train_mIoU: 0.645, best_train_mIoU: 0.650, valid_mIoU: 0.592, best_valid_mIoU: 0.646
train_time: 3739m4s, 9.83examples/sec, total_time: 3739m4s, best_train_mIoU: 0.650, best_valid_mIoU: 0.646
Finish!
